0 info it worked if it ends with ok
1 verbose cli [ '/usr/bin/nodejs',
1 verbose cli   '/usr/local/bin/npm',
1 verbose cli   'run',
1 verbose cli   'test:watch',
1 verbose cli   '--watch' ]
2 info using npm@3.5.2
3 info using node@v4.4.7
4 verbose run-script [ 'pretest:watch', 'test:watch', 'posttest:watch' ]
5 info lifecycle kp-client@1.0.0~pretest:watch: kp-client@1.0.0
6 silly lifecycle kp-client@1.0.0~pretest:watch: no script for pretest:watch, continuing
7 info lifecycle kp-client@1.0.0~test:watch: kp-client@1.0.0
8 verbose lifecycle kp-client@1.0.0~test:watch: unsafe-perm in lifecycle true
9 verbose lifecycle kp-client@1.0.0~test:watch: PATH: /usr/local/lib/node_modules/npm/bin/node-gyp-bin:/home/alexey2baranov/htdocs/kp-client/node_modules/.bin:/usr/local/sbin:/usr/local/bin:/usr/sbin:/usr/bin:/sbin:/bin:/usr/games:/usr/local/games:/usr/lib/jvm/java-8-oracle/bin:/usr/lib/jvm/java-8-oracle/db/bin:/usr/lib/jvm/java-8-oracle/jre/bin:/usr/lib/jvm/java-8-oracle/bin:/usr/lib/jvm/java-8-oracle/db/bin:/usr/lib/jvm/java-8-oracle/jre/bin
10 verbose lifecycle kp-client@1.0.0~test:watch: CWD: /home/alexey2baranov/htdocs/kp-client
11 silly lifecycle kp-client@1.0.0~test:watch: Args: [ '-c',
11 silly lifecycle   'mocha-webpack --webpack-config webpack.config.test.js --require source-map-support/register "test/**/*.test.js"' ]
12 silly lifecycle kp-client@1.0.0~test:watch: Returned: code: 1  signal: null
13 info lifecycle kp-client@1.0.0~test:watch: Failed to exec test:watch script
14 verbose stack Error: kp-client@1.0.0 test:watch: `mocha-webpack --webpack-config webpack.config.test.js --require source-map-support/register "test/**/*.test.js"`
14 verbose stack Exit status 1
14 verbose stack     at EventEmitter.<anonymous> (/usr/local/lib/node_modules/npm/lib/utils/lifecycle.js:232:16)
14 verbose stack     at emitTwo (events.js:87:13)
14 verbose stack     at EventEmitter.emit (events.js:172:7)
14 verbose stack     at ChildProcess.<anonymous> (/usr/local/lib/node_modules/npm/lib/utils/spawn.js:24:14)
14 verbose stack     at emitTwo (events.js:87:13)
14 verbose stack     at ChildProcess.emit (events.js:172:7)
14 verbose stack     at maybeClose (internal/child_process.js:827:16)
14 verbose stack     at Process.ChildProcess._handle.onexit (internal/child_process.js:211:5)
15 verbose pkgid kp-client@1.0.0
16 verbose cwd /home/alexey2baranov/htdocs/kp-client
17 error Linux 3.16.0-38-generic
18 error argv "/usr/bin/nodejs" "/usr/local/bin/npm" "run" "test:watch" "--watch"
19 error node v4.4.7
20 error npm  v3.5.2
21 error code ELIFECYCLE
22 error kp-client@1.0.0 test:watch: `mocha-webpack --webpack-config webpack.config.test.js --require source-map-support/register "test/**/*.test.js"`
22 error Exit status 1
23 error Failed at the kp-client@1.0.0 test:watch script 'mocha-webpack --webpack-config webpack.config.test.js --require source-map-support/register "test/**/*.test.js"'.
23 error Make sure you have the latest version of node.js and npm installed.
23 error If you do, this is most likely a problem with the kp-client package,
23 error not with npm itself.
23 error Tell the author that this fails on your system:
23 error     mocha-webpack --webpack-config webpack.config.test.js --require source-map-support/register "test/**/*.test.js"
23 error You can get information on how to open an issue for this project with:
23 error     npm bugs kp-client
23 error Or if that isn't available, you can get their info via:
23 error     npm owner ls kp-client
23 error There is likely additional logging output above.
24 verbose exit [ 1, true ]
